<?xml version="1.0" encoding="UTF-8"?>
<testsuite xmlns:xsi="http://www.w3.org/2001/XMLSchema-instance" xsi:noNamespaceSchemaLocation="https://maven.apache.org/surefire/maven-surefire-plugin/xsd/surefire-test-report-3.0.xsd" version="3.0" name="com.codingmill.moviesapi.MoviesAPIApplicationTest" time="4.108" tests="1" errors="0" skipped="0" failures="0">
  <properties>
[...]
</properties>
  <testcase name="contextLoads" classname="com.codingmill.moviesapi.MoviesAPIApplicationTest" time="0.306">
    <system-out><![CDATA[2023-11-02T16:52:48.699+01:00  INFO   --- [           main] o.t.utility.ImageNameSubstitutor         : Image name substitution will be performed by: DefaultImageNameSubstitutor (composite of 'ConfigurationFileImageNameSubstitutor' and 'PrefixingImageNameSubstitutor')
2023-11-02T16:52:48.782+01:00  INFO   --- [           main] o.t.d.DockerClientProviderStrategy       : Loaded org.testcontainers.dockerclient.UnixSocketClientProviderStrategy from ~/.testcontainers.properties, will try it first
2023-11-02T16:52:48.950+01:00  INFO   --- [           main] o.t.d.DockerClientProviderStrategy       : Found Docker environment with local Unix socket (unix:///var/run/docker.sock)
2023-11-02T16:52:48.951+01:00  INFO   --- [           main] org.testcontainers.DockerClientFactory   : Docker host IP address is localhost
2023-11-02T16:52:48.987+01:00  INFO   --- [           main] org.testcontainers.DockerClientFactory   : Connected to docker: 
  Server Version: 4.7.0
  API Version: 1.41
  Operating System: fedora
  Total Memory: 1888 MB
2023-11-02T16:52:48.988+01:00  WARN   --- [           main] o.testcontainers.utility.ResourceReaper  : 
********************************************************************************
Ryuk has been disabled. This can cause unexpected behavior in your environment.
********************************************************************************
2023-11-02T16:52:48.989+01:00  INFO   --- [           main] org.testcontainers.DockerClientFactory   : Checking the system...
2023-11-02T16:52:48.990+01:00  INFO   --- [           main] org.testcontainers.DockerClientFactory   : ✔︎ Docker server version should be at least 1.6.0
2023-11-02T16:52:49.082+01:00  INFO   --- [           main] tc.postgres:16.0                         : Creating container for image: postgres:16.0
2023-11-02T16:52:49.122+01:00  INFO   --- [           main] tc.postgres:16.0                         : Container postgres:16.0 is starting: 8f1a15287f3e9fb0a9fd903cad631c9b7bc077b9894fa05cfe9cab41aaa10cc5
2023-11-02T16:52:50.409+01:00  INFO   --- [           main] tc.postgres:16.0                         : Container postgres:16.0 started in PT1.327818S
2023-11-02T16:52:50.411+01:00  INFO   --- [           main] tc.postgres:16.0                         : Container is started (JDBC URL: jdbc:postgresql://localhost:46815/test?loggerLevel=OFF)

  .   ____          _            __ _ _
 /\\ / ___'_ __ _ _(_)_ __  __ _ \ \ \ \
( ( )\___ | '_ | '_| | '_ \/ _` | \ \ \ \
 \\/  ___)| |_)| | | | | || (_| |  ) ) ) )
  '  |____| .__|_| |_|_| |_\__, | / / / /
 =========|_|==============|___/=/_/_/_/
 :: Spring Boot ::                (v3.1.4)

2023-11-02T16:52:50.579+01:00  INFO 86468 --- [           main] c.c.moviesapi.MoviesAPIApplicationTest   : Starting MoviesAPIApplicationTest using Java 21 with PID 86468 (started by isc90371 in /Users/isc90371/Developer/java/java-moviesapi/app/web)
2023-11-02T16:52:50.580+01:00 DEBUG 86468 --- [           main] c.c.moviesapi.MoviesAPIApplicationTest   : Running with Spring Boot v3.1.4, Spring v6.0.12
2023-11-02T16:52:50.580+01:00  INFO 86468 --- [           main] c.c.moviesapi.MoviesAPIApplicationTest   : No active profile set, falling back to 1 default profile: "default"
2023-11-02T16:52:50.804+01:00  INFO 86468 --- [           main] .s.d.r.c.RepositoryConfigurationDelegate : Bootstrapping Spring Data JPA repositories in DEFAULT mode.
2023-11-02T16:52:50.823+01:00  INFO 86468 --- [           main] .s.d.r.c.RepositoryConfigurationDelegate : Finished Spring Data repository scanning in 16 ms. Found 1 JPA repository interfaces.
2023-11-02T16:52:51.023+01:00  INFO 86468 --- [           main] o.s.b.w.embedded.tomcat.TomcatWebServer  : Tomcat initialized with port(s): 0 (http)
2023-11-02T16:52:51.026+01:00  INFO 86468 --- [           main] o.apache.catalina.core.StandardService   : Starting service [Tomcat]
2023-11-02T16:52:51.026+01:00  INFO 86468 --- [           main] o.apache.catalina.core.StandardEngine    : Starting Servlet engine: [Apache Tomcat/10.1.13]
2023-11-02T16:52:51.063+01:00  INFO 86468 --- [           main] o.a.c.c.C.[Tomcat].[localhost].[/]       : Initializing Spring embedded WebApplicationContext
2023-11-02T16:52:51.063+01:00  INFO 86468 --- [           main] w.s.c.ServletWebServerApplicationContext : Root WebApplicationContext: initialization completed in 476 ms
2023-11-02T16:52:51.116+01:00  INFO 86468 --- [           main] o.hibernate.jpa.internal.util.LogHelper  : HHH000204: Processing PersistenceUnitInfo [name: default]
2023-11-02T16:52:51.138+01:00  INFO 86468 --- [           main] org.hibernate.Version                    : HHH000412: Hibernate ORM core version 6.2.9.Final
2023-11-02T16:52:51.139+01:00  INFO 86468 --- [           main] org.hibernate.cfg.Environment            : HHH000406: Using bytecode reflection optimizer
2023-11-02T16:52:51.182+01:00  INFO 86468 --- [           main] o.h.b.i.BytecodeProviderInitiator        : HHH000021: Bytecode provider name : bytebuddy
2023-11-02T16:52:51.230+01:00  INFO 86468 --- [           main] o.s.o.j.p.SpringPersistenceUnitInfo      : No LoadTimeWeaver setup: ignoring JPA class transformer
2023-11-02T16:52:51.237+01:00  INFO 86468 --- [           main] com.zaxxer.hikari.HikariDataSource       : HikariPool-1 - Starting...
2023-11-02T16:52:51.344+01:00  INFO 86468 --- [           main] com.zaxxer.hikari.pool.HikariPool        : HikariPool-1 - Added connection org.postgresql.jdbc.PgConnection@12ebfb2d
2023-11-02T16:52:51.345+01:00  INFO 86468 --- [           main] com.zaxxer.hikari.HikariDataSource       : HikariPool-1 - Start completed.
2023-11-02T16:52:51.426+01:00  INFO 86468 --- [           main] o.h.b.i.BytecodeProviderInitiator        : HHH000021: Bytecode provider name : bytebuddy
2023-11-02T16:52:51.664+01:00  INFO 86468 --- [           main] o.h.e.t.j.p.i.JtaPlatformInitiator       : HHH000490: Using JtaPlatform implementation: [org.hibernate.engine.transaction.jta.platform.internal.NoJtaPlatform]
Hibernate: drop table if exists movies cascade
2023-11-02T16:52:51.672+01:00  WARN 86468 --- [           main] o.h.engine.jdbc.spi.SqlExceptionHelper   : SQL Warning Code: 0, SQLState: 00000
2023-11-02T16:52:51.672+01:00  WARN 86468 --- [           main] o.h.engine.jdbc.spi.SqlExceptionHelper   : table "movies" does not exist, skipping
Hibernate: create table movies (movie_id varchar(36) not null, name varchar(255), primary key (movie_id))
2023-11-02T16:52:51.679+01:00  INFO 86468 --- [           main] j.LocalContainerEntityManagerFactoryBean : Initialized JPA EntityManagerFactory for persistence unit 'default'
2023-11-02T16:52:51.797+01:00  WARN 86468 --- [           main] JpaBaseConfiguration$JpaWebConfiguration : spring.jpa.open-in-view is enabled by default. Therefore, database queries may be performed during view rendering. Explicitly configure spring.jpa.open-in-view to disable this warning
2023-11-02T16:52:51.934+01:00  INFO 86468 --- [           main] o.s.b.w.embedded.tomcat.TomcatWebServer  : Tomcat started on port(s): 54248 (http) with context path ''
2023-11-02T16:52:51.938+01:00  INFO 86468 --- [           main] c.c.moviesapi.MoviesAPIApplicationTest   : Started MoviesAPIApplicationTest in 1.498 seconds (process running for 3.725)
]]></system-out>
    <system-err><![CDATA[WARNING: A Java agent has been loaded dynamically (/Users/isc90371/.m2/repository/net/bytebuddy/byte-buddy-agent/1.14.8/byte-buddy-agent-1.14.8.jar)
WARNING: If a serviceability tool is in use, please run with -XX:+EnableDynamicAgentLoading to hide this warning
WARNING: If a serviceability tool is not in use, please run with -Djdk.instrument.traceUsage for more information
WARNING: Dynamic loading of agents will be disallowed by default in a future release
]]></system-err>
  </testcase>
</testsuite>