<?xml version="1.0" encoding="UTF-8"?>
<testsuite xmlns:xsi="http://www.w3.org/2001/XMLSchema-instance" xsi:noNamespaceSchemaLocation="https://maven.apache.org/surefire/maven-surefire-plugin/xsd/surefire-test-report-3.0.xsd" version="3.0" name="com.codingmill.moviesapi.MoviesAPIApplicationContextTests" time="1.218" tests="1" errors="0" skipped="0" failures="0">
  <properties>
[...]
</properties>
  <testcase name="contextLoads" classname="com.codingmill.moviesapi.MoviesAPIApplicationContextTests" time="0.002">
    <system-out><![CDATA[2023-11-02T16:52:52.605+01:00  INFO 86468 --- [           main] .b.t.c.SpringBootTestContextBootstrapper : Found @SpringBootConfiguration com.codingmill.moviesapi.MoviesAPIApplication for test class com.codingmill.moviesapi.MoviesAPIApplicationContextTests

  .   ____          _            __ _ _
 /\\ / ___'_ __ _ _(_)_ __  __ _ \ \ \ \
( ( )\___ | '_ | '_| | '_ \/ _` | \ \ \ \
 \\/  ___)| |_)| | | | | || (_| |  ) ) ) )
  '  |____| .__|_| |_|_| |_\__, | / / / /
 =========|_|==============|___/=/_/_/_/
 :: Spring Boot ::                (v3.1.4)

2023-11-02T16:52:52.619+01:00  INFO 86468 --- [           main] c.c.m.MoviesAPIApplicationContextTests   : Starting MoviesAPIApplicationContextTests using Java 21 with PID 86468 (started by isc90371 in /Users/isc90371/Developer/java/java-moviesapi/app/web)
2023-11-02T16:52:52.619+01:00 DEBUG 86468 --- [           main] c.c.m.MoviesAPIApplicationContextTests   : Running with Spring Boot v3.1.4, Spring v6.0.12
2023-11-02T16:52:52.619+01:00  INFO 86468 --- [           main] c.c.m.MoviesAPIApplicationContextTests   : No active profile set, falling back to 1 default profile: "default"
2023-11-02T16:52:52.681+01:00  INFO 86468 --- [           main] .s.d.r.c.RepositoryConfigurationDelegate : Bootstrapping Spring Data JPA repositories in DEFAULT mode.
2023-11-02T16:52:52.686+01:00  INFO 86468 --- [           main] .s.d.r.c.RepositoryConfigurationDelegate : Finished Spring Data repository scanning in 4 ms. Found 1 JPA repository interfaces.
2023-11-02T16:52:52.720+01:00  INFO 86468 --- [           main] o.s.b.w.embedded.tomcat.TomcatWebServer  : Tomcat initialized with port(s): 0 (http)
2023-11-02T16:52:52.721+01:00  INFO 86468 --- [           main] o.apache.catalina.core.StandardService   : Starting service [Tomcat]
2023-11-02T16:52:52.721+01:00  INFO 86468 --- [           main] o.apache.catalina.core.StandardEngine    : Starting Servlet engine: [Apache Tomcat/10.1.13]
2023-11-02T16:52:52.729+01:00  INFO 86468 --- [           main] o.a.c.c.C.[Tomcat-1].[localhost].[/]     : Initializing Spring embedded WebApplicationContext
2023-11-02T16:52:52.729+01:00  INFO 86468 --- [           main] w.s.c.ServletWebServerApplicationContext : Root WebApplicationContext: initialization completed in 108 ms
2023-11-02T16:52:52.737+01:00  INFO 86468 --- [           main] tc.postgres:16.0                         : Creating container for image: postgres:16.0
2023-11-02T16:52:52.753+01:00  INFO 86468 --- [           main] tc.postgres:16.0                         : Container postgres:16.0 is starting: af8f4b11bc51cb479ef6a83e9131e1286ef68ca974910e4c18c8bbc85d64e163
2023-11-02T16:52:53.703+01:00  INFO 86468 --- [           main] tc.postgres:16.0                         : Container postgres:16.0 started in PT0.966248S
2023-11-02T16:52:53.704+01:00  INFO 86468 --- [           main] tc.postgres:16.0                         : Container is started (JDBC URL: jdbc:postgresql://localhost:46319/test?loggerLevel=OFF)
2023-11-02T16:52:53.724+01:00  INFO 86468 --- [           main] o.hibernate.jpa.internal.util.LogHelper  : HHH000204: Processing PersistenceUnitInfo [name: default]
2023-11-02T16:52:53.726+01:00  INFO 86468 --- [           main] o.h.b.i.BytecodeProviderInitiator        : HHH000021: Bytecode provider name : bytebuddy
2023-11-02T16:52:53.727+01:00  INFO 86468 --- [           main] o.s.o.j.p.SpringPersistenceUnitInfo      : No LoadTimeWeaver setup: ignoring JPA class transformer
2023-11-02T16:52:53.727+01:00  INFO 86468 --- [           main] com.zaxxer.hikari.HikariDataSource       : HikariPool-2 - Starting...
2023-11-02T16:52:53.739+01:00  INFO 86468 --- [           main] com.zaxxer.hikari.pool.HikariPool        : HikariPool-2 - Added connection org.postgresql.jdbc.PgConnection@37e99c0f
2023-11-02T16:52:53.739+01:00  INFO 86468 --- [           main] com.zaxxer.hikari.HikariDataSource       : HikariPool-2 - Start completed.
2023-11-02T16:52:53.744+01:00  INFO 86468 --- [           main] o.h.b.i.BytecodeProviderInitiator        : HHH000021: Bytecode provider name : bytebuddy
2023-11-02T16:52:53.754+01:00  INFO 86468 --- [           main] o.h.e.t.j.p.i.JtaPlatformInitiator       : HHH000490: Using JtaPlatform implementation: [org.hibernate.engine.transaction.jta.platform.internal.NoJtaPlatform]
Hibernate: drop table if exists movies cascade
2023-11-02T16:52:53.755+01:00  WARN 86468 --- [           main] o.h.engine.jdbc.spi.SqlExceptionHelper   : SQL Warning Code: 0, SQLState: 00000
2023-11-02T16:52:53.755+01:00  WARN 86468 --- [           main] o.h.engine.jdbc.spi.SqlExceptionHelper   : table "movies" does not exist, skipping
Hibernate: create table movies (movie_id varchar(36) not null, name varchar(255), primary key (movie_id))
2023-11-02T16:52:53.757+01:00  INFO 86468 --- [           main] j.LocalContainerEntityManagerFactoryBean : Initialized JPA EntityManagerFactory for persistence unit 'default'
2023-11-02T16:52:53.775+01:00  WARN 86468 --- [           main] JpaBaseConfiguration$JpaWebConfiguration : spring.jpa.open-in-view is enabled by default. Therefore, database queries may be performed during view rendering. Explicitly configure spring.jpa.open-in-view to disable this warning
2023-11-02T16:52:53.812+01:00  INFO 86468 --- [           main] o.s.b.w.embedded.tomcat.TomcatWebServer  : Tomcat started on port(s): 54252 (http) with context path ''
2023-11-02T16:52:53.813+01:00  INFO 86468 --- [           main] c.c.m.MoviesAPIApplicationContextTests   : Started MoviesAPIApplicationContextTests in 1.205 seconds (process running for 5.6)
]]></system-out>
  </testcase>
</testsuite>